<?xml version="1.0" encoding="UTF-8"?>
<testng-results ignored="0" total="2" passed="2" failed="0" skipped="0">
  <reporter-output>
  </reporter-output>
  <suite started-at="2023-12-21T00:35:28 IST" name="Default suite" finished-at="2023-12-21T00:35:33 IST" duration-ms="5795">
    <groups>
    </groups>
    <test started-at="2023-12-21T00:35:28 IST" name="Default test" finished-at="2023-12-21T00:35:33 IST" duration-ms="5795">
      <class name="com.TestNGAnnotations.OHRM_AddEmployee">
        <test-method is-config="true" signature="ApplicationLaunch()[pri:0, instance:com.TestNGAnnotations.OHRM_AddEmployee@13e344d]" started-at="2023-12-21T00:35:28 IST" name="ApplicationLaunch" finished-at="2023-12-21T00:35:33 IST" duration-ms="5463" status="PASS">
          <reporter-output>
          </reporter-output>
        </test-method> <!-- ApplicationLaunch -->
        <test-method signature="LoginWithValidData()[pri:1, instance:com.TestNGAnnotations.OHRM_AddEmployee@13e344d]" started-at="2023-12-21T00:35:33 IST" name="LoginWithValidData" description="Login With Valid Test Data" finished-at="2023-12-21T00:35:33 IST" duration-ms="12" status="PASS">
          <reporter-output>
          </reporter-output>
        </test-method> <!-- LoginWithValidData -->
        <test-method signature="MyName()[pri:2, instance:com.TestNGAnnotations.OHRM_AddEmployee@13e344d]" started-at="2023-12-21T00:35:33 IST" name="MyName" finished-at="2023-12-21T00:35:33 IST" duration-ms="2" status="PASS">
          <reporter-output>
          </reporter-output>
        </test-method> <!-- MyName -->
        <test-method is-config="true" signature="Applicationclose()[pri:0, instance:com.TestNGAnnotations.OHRM_AddEmployee@13e344d]" started-at="2023-12-21T00:35:33 IST" name="Applicationclose" finished-at="2023-12-21T00:35:33 IST" duration-ms="223" status="PASS">
          <reporter-output>
          </reporter-output>
        </test-method> <!-- Applicationclose -->
      </class> <!-- com.TestNGAnnotations.OHRM_AddEmployee -->
    </test> <!-- Default test -->
  </suite> <!-- Default suite -->
</testng-results>
